[Mon Apr 07 00:00:01 UTC 2025] Hitting /compute endpoint...
{
  "status": "error",
  "message": "Invalid request format."
}
HTTP Status: 400

[Mon Apr 07 00:30:01 UTC 2025] Hitting /compute endpoint...
{
  "status": "error",
  "message": "Invalid request format."
}
HTTP Status: 400

[Mon Apr 07 01:00:01 UTC 2025] Hitting /compute endpoint...
{
  "status": "error",
  "message": "Endpoint unreachable."
}
HTTP Status: 0

[Mon Apr 07 01:30:01 UTC 2025] Hitting /compute endpoint...
{
  "status": "error",
  "message": "Rate limit exceeded."
}
HTTP Status: 429

[Mon Apr 07 02:00:01 UTC 2025] Hitting /compute endpoint...
{
  "status": "error",
  "message": "Rate limit exceeded."
}
HTTP Status: 429

[Mon Apr 07 02:30:01 UTC 2025] Hitting /compute endpoint...
{
  "status": "error",
  "message": "Computation failed due to a timeout."
}
HTTP Status: 504

[Mon Apr 07 03:00:01 UTC 2025] Hitting /compute endpoint...
{
  "status": "error",
  "message": "Computation failed due to a timeout."
}
HTTP Status: 504

[Mon Apr 07 03:30:01 UTC 2025] Hitting /compute endpoint...
{
  "status": "error",
  "message": "Invalid request format."
}
HTTP Status: 400

[Mon Apr 07 04:00:01 UTC 2025] Hitting /compute endpoint...
{
  "status": "error",
  "message": "Endpoint unreachable."
}
HTTP Status: 0

[Mon Apr 07 04:30:01 UTC 2025] Hitting /compute endpoint...
{
  "status": "success",
  "message": "Computation completed successfully.",
  "result": 98
}
HTTP Status: 200

[Mon Apr 07 05:00:01 UTC 2025] Hitting /compute endpoint...
{
  "status": "error",
  "message": "Invalid request format."
}
HTTP Status: 400

[Mon Apr 07 05:30:01 UTC 2025] Hitting /compute endpoint...
{
  "status": "error",
  "message": "Internal server error."
}
HTTP Status: 500

[Mon Apr 07 06:00:01 UTC 2025] Hitting /compute endpoint...
{
  "status": "error",
  "message": "Endpoint unreachable."
}
HTTP Status: 0

[Mon Apr 07 06:30:01 UTC 2025] Hitting /compute endpoint...
{
  "status": "error",
  "message": "Internal server error."
}
HTTP Status: 500

[Mon Apr 07 07:00:01 UTC 2025] Hitting /compute endpoint...
{
  "status": "success",
  "message": "Computation completed successfully.",
  "result": 66
}
HTTP Status: 200

[Mon Apr 07 07:30:01 UTC 2025] Hitting /compute endpoint...
{
  "status": "error",
  "message": "Internal server error."
}
HTTP Status: 500

[Mon Apr 07 08:00:01 UTC 2025] Hitting /compute endpoint...
{
  "status": "error",
  "message": "Rate limit exceeded."
}
HTTP Status: 429

[Mon Apr 07 08:30:01 UTC 2025] Hitting /compute endpoint...
{
  "status": "success",
  "message": "Computation completed successfully.",
  "result": 142
}
HTTP Status: 200

[Mon Apr 07 09:00:01 UTC 2025] Hitting /compute endpoint...
{
  "status": "error",
  "message": "Computation failed due to a timeout."
}
HTTP Status: 504

[Mon Apr 07 09:30:01 UTC 2025] Hitting /compute endpoint...
{
  "status": "error",
  "message": "Internal server error."
}
HTTP Status: 500

[Mon Apr 07 10:00:01 UTC 2025] Hitting /compute endpoint...
{
  "status": "error",
  "message": "Rate limit exceeded."
}
HTTP Status: 429

[Mon Apr 07 10:30:01 UTC 2025] Hitting /compute endpoint...
{
  "status": "error",
  "message": "Endpoint unreachable."
}
HTTP Status: 0

[Mon Apr 07 11:00:01 UTC 2025] Hitting /compute endpoint...
{
  "status": "error",
  "message": "Endpoint unreachable."
}
HTTP Status: 0

[Mon Apr 07 11:30:01 UTC 2025] Hitting /compute endpoint...
{
  "status": "error",
  "message": "Rate limit exceeded."
}
HTTP Status: 429

[Mon Apr 07 12:00:01 UTC 2025] Hitting /compute endpoint...
{
  "status": "error",
  "message": "Endpoint unreachable."
}
HTTP Status: 0

[Mon Apr 07 12:30:01 UTC 2025] Hitting /compute endpoint...
{
  "status": "error",
  "message": "Rate limit exceeded."
}
HTTP Status: 429

[Mon Apr 07 13:00:01 UTC 2025] Hitting /compute endpoint...
{
  "status": "error",
  "message": "Internal server error."
}
HTTP Status: 500

[Mon Apr 07 13:30:01 UTC 2025] Hitting /compute endpoint...
{
  "status": "success",
  "message": "Computation completed successfully.",
  "result": 97
}
HTTP Status: 200

[Mon Apr 07 14:00:01 UTC 2025] Hitting /compute endpoint...
{
  "status": "error",
  "message": "Endpoint unreachable."
}
HTTP Status: 0

[Mon Apr 07 14:30:01 UTC 2025] Hitting /compute endpoint...
{
  "status": "error",
  "message": "Endpoint unreachable."
}
HTTP Status: 0

[Mon Apr 07 15:00:01 UTC 2025] Hitting /compute endpoint...
{
  "status": "error",
  "message": "Internal server error."
}
HTTP Status: 500

[Mon Apr 07 15:30:01 UTC 2025] Hitting /compute endpoint...
{
  "status": "error",
  "message": "Computation failed due to a timeout."
}
HTTP Status: 504

[Mon Apr 07 16:00:01 UTC 2025] Hitting /compute endpoint...
{
  "status": "error",
  "message": "Internal server error."
}
HTTP Status: 500

[Mon Apr 07 16:30:01 UTC 2025] Hitting /compute endpoint...
{
  "status": "error",
  "message": "Internal server error."
}
HTTP Status: 500

[Mon Apr 07 17:00:01 UTC 2025] Hitting /compute endpoint...
{
  "status": "error",
  "message": "Internal server error."
}
HTTP Status: 500

[Mon Apr 07 17:30:01 UTC 2025] Hitting /compute endpoint...
{
  "status": "error",
  "message": "Rate limit exceeded."
}
HTTP Status: 429

[Mon Apr 07 18:00:01 UTC 2025] Hitting /compute endpoint...
{
  "status": "error",
  "message": "Internal server error."
}
HTTP Status: 500

[Mon Apr 07 18:30:01 UTC 2025] Hitting /compute endpoint...
{
  "status": "success",
  "message": "Computation completed successfully.",
  "result": 60
}
HTTP Status: 200

[Mon Apr 07 19:00:01 UTC 2025] Hitting /compute endpoint...
{
  "status": "error",
  "message": "Rate limit exceeded."
}
HTTP Status: 429

[Mon Apr 07 19:30:01 UTC 2025] Hitting /compute endpoint...
{
  "status": "error",
  "message": "Endpoint unreachable."
}
HTTP Status: 0

[Mon Apr 07 20:00:01 UTC 2025] Hitting /compute endpoint...
{
  "status": "success",
  "message": "Computation completed successfully.",
  "result": 59
}
HTTP Status: 200

[Mon Apr 07 20:30:01 UTC 2025] Hitting /compute endpoint...
{
  "status": "error",
  "message": "Internal server error."
}
HTTP Status: 500

[Mon Apr 07 21:00:01 UTC 2025] Hitting /compute endpoint...
{
  "status": "error",
  "message": "Computation failed due to a timeout."
}
HTTP Status: 504

[Mon Apr 07 21:30:01 UTC 2025] Hitting /compute endpoint...
{
  "status": "error",
  "message": "Internal server error."
}
HTTP Status: 500

[Mon Apr 07 22:00:01 UTC 2025] Hitting /compute endpoint...
{
  "status": "error",
  "message": "Endpoint unreachable."
}
HTTP Status: 0

[Mon Apr 07 22:30:01 UTC 2025] Hitting /compute endpoint...
{
  "status": "error",
  "message": "Endpoint unreachable."
}
HTTP Status: 0

[Mon Apr 07 23:00:01 UTC 2025] Hitting /compute endpoint...
{
  "status": "error",
  "message": "Rate limit exceeded."
}
HTTP Status: 429

[Mon Apr 07 23:30:01 UTC 2025] Hitting /compute endpoint...
{
  "status": "error",
  "message": "Computation failed due to a timeout."
}
HTTP Status: 504

[Tue Apr 08 00:00:01 UTC 2025] Hitting /compute endpoint...
{
  "status": "error",
  "message": "Internal server error."
}
HTTP Status: 500

[Tue Apr 08 00:30:01 UTC 2025] Hitting /compute endpoint...
{
  "status": "error",
  "message": "Internal server error."
}
HTTP Status: 500

[Tue Apr 08 01:00:01 UTC 2025] Hitting /compute endpoint...
{
  "status": "error",
  "message": "Rate limit exceeded."
}
HTTP Status: 429

[Tue Apr 08 01:30:01 UTC 2025] Hitting /compute endpoint...
{
  "status": "error",
  "message": "Internal server error."
}
HTTP Status: 500

[Tue Apr 08 02:00:01 UTC 2025] Hitting /compute endpoint...
{
  "status": "error",
  "message": "Internal server error."
}
HTTP Status: 500

[Tue Apr 08 02:30:01 UTC 2025] Hitting /compute endpoint...
{
  "status": "error",
  "message": "Rate limit exceeded."
}
HTTP Status: 429

[Tue Apr 08 03:00:01 UTC 2025] Hitting /compute endpoint...
{
  "status": "error",
  "message": "Internal server error."
}
HTTP Status: 500

[Tue Apr 08 03:30:01 UTC 2025] Hitting /compute endpoint...
{
  "status": "error",
  "message": "Computation failed due to a timeout."
}
HTTP Status: 504

[Tue Apr 08 04:00:01 UTC 2025] Hitting /compute endpoint...
{
  "status": "error",
  "message": "Invalid request format."
}
HTTP Status: 400

[Tue Apr 08 04:30:01 UTC 2025] Hitting /compute endpoint...
{
  "status": "error",
  "message": "Endpoint unreachable."
}
HTTP Status: 0

[Tue Apr 08 05:00:01 UTC 2025] Hitting /compute endpoint...
{
  "status": "error",
  "message": "Rate limit exceeded."
}
HTTP Status: 429

[Tue Apr 08 05:30:01 UTC 2025] Hitting /compute endpoint...
{
  "status": "error",
  "message": "Endpoint unreachable."
}
HTTP Status: 0

[Tue Apr 08 06:00:01 UTC 2025] Hitting /compute endpoint...
{
  "status": "error",
  "message": "Endpoint unreachable."
}
HTTP Status: 0

[Tue Apr 08 06:30:01 UTC 2025] Hitting /compute endpoint...
{
  "status": "error",
  "message": "Endpoint unreachable."
}
HTTP Status: 0

[Tue Apr 08 07:00:01 UTC 2025] Hitting /compute endpoint...
{
  "status": "error",
  "message": "Computation failed due to a timeout."
}
HTTP Status: 504

[Tue Apr 08 07:30:01 UTC 2025] Hitting /compute endpoint...
{
  "status": "success",
  "message": "Computation completed successfully.",
  "result": 113
}
HTTP Status: 200

[Tue Apr 08 08:00:01 UTC 2025] Hitting /compute endpoint...
{
  "status": "error",
  "message": "Invalid request format."
}
HTTP Status: 400

[Tue Apr 08 08:30:01 UTC 2025] Hitting /compute endpoint...
{
  "status": "error",
  "message": "Rate limit exceeded."
}
HTTP Status: 429

[Tue Apr 08 09:00:01 UTC 2025] Hitting /compute endpoint...
{
  "status": "success",
  "message": "Computation completed successfully.",
  "result": 127
}
HTTP Status: 200

[Tue Apr 08 09:30:01 UTC 2025] Hitting /compute endpoint...
{
  "status": "error",
  "message": "Rate limit exceeded."
}
HTTP Status: 429

[Tue Apr 08 10:00:01 UTC 2025] Hitting /compute endpoint...
{
  "status": "error",
  "message": "Endpoint unreachable."
}
HTTP Status: 0

[Tue Apr 08 10:30:01 UTC 2025] Hitting /compute endpoint...
{
  "status": "success",
  "message": "Computation completed successfully.",
  "result": 70
}
HTTP Status: 200

[Tue Apr 08 11:00:01 UTC 2025] Hitting /compute endpoint...
{
  "status": "error",
  "message": "Rate limit exceeded."
}
HTTP Status: 429

[Tue Apr 08 11:30:01 UTC 2025] Hitting /compute endpoint...
{
  "status": "error",
  "message": "Rate limit exceeded."
}
HTTP Status: 429

[Tue Apr 08 12:00:01 UTC 2025] Hitting /compute endpoint...
{
  "status": "success",
  "message": "Computation completed successfully.",
  "result": 67
}
HTTP Status: 200

[Tue Apr 08 12:30:01 UTC 2025] Hitting /compute endpoint...
{
  "status": "error",
  "message": "Computation failed due to a timeout."
}
HTTP Status: 504

[Tue Apr 08 13:00:01 UTC 2025] Hitting /compute endpoint...
{
  "status": "error",
  "message": "Computation failed due to a timeout."
}
HTTP Status: 504

[Tue Apr 08 13:30:01 UTC 2025] Hitting /compute endpoint...
{
  "status": "error",
  "message": "Endpoint unreachable."
}
HTTP Status: 0

[Tue Apr 08 14:00:01 UTC 2025] Hitting /compute endpoint...
{
  "status": "error",
  "message": "Invalid request format."
}
HTTP Status: 400

[Tue Apr 08 14:30:01 UTC 2025] Hitting /compute endpoint...
{
  "status": "error",
  "message": "Computation failed due to a timeout."
}
HTTP Status: 504

[Tue Apr 08 15:00:01 UTC 2025] Hitting /compute endpoint...
{
  "status": "error",
  "message": "Internal server error."
}
HTTP Status: 500

[Tue Apr 08 15:30:01 UTC 2025] Hitting /compute endpoint...
{
  "status": "error",
  "message": "Invalid request format."
}
HTTP Status: 400

[Tue Apr 08 16:00:01 UTC 2025] Hitting /compute endpoint...
{
  "status": "error",
  "message": "Computation failed due to a timeout."
}
HTTP Status: 504

[Tue Apr 08 16:30:01 UTC 2025] Hitting /compute endpoint...
{
  "status": "error",
  "message": "Invalid request format."
}
HTTP Status: 400

[Tue Apr 08 17:00:01 UTC 2025] Hitting /compute endpoint...
{
  "status": "error",
  "message": "Endpoint unreachable."
}
HTTP Status: 0

[Tue Apr 08 17:30:01 UTC 2025] Hitting /compute endpoint...
{
  "status": "error",
  "message": "Rate limit exceeded."
}
HTTP Status: 429

[Tue Apr 08 18:00:01 UTC 2025] Hitting /compute endpoint...
{
  "status": "error",
  "message": "Rate limit exceeded."
}
HTTP Status: 429

[Tue Apr 08 18:30:01 UTC 2025] Hitting /compute endpoint...
{
  "status": "error",
  "message": "Rate limit exceeded."
}
HTTP Status: 429

[Tue Apr 08 19:00:01 UTC 2025] Hitting /compute endpoint...
{
  "status": "error",
  "message": "Rate limit exceeded."
}
HTTP Status: 429

[Tue Apr 08 19:30:01 UTC 2025] Hitting /compute endpoint...
{
  "status": "success",
  "message": "Computation completed successfully.",
  "result": 57
}
HTTP Status: 200

[Tue Apr 08 20:00:01 UTC 2025] Hitting /compute endpoint...
{
  "status": "error",
  "message": "Internal server error."
}
HTTP Status: 500

[Tue Apr 08 20:30:01 UTC 2025] Hitting /compute endpoint...
{
  "status": "error",
  "message": "Endpoint unreachable."
}
HTTP Status: 0

[Tue Apr 08 21:00:01 UTC 2025] Hitting /compute endpoint...
{
  "status": "error",
  "message": "Rate limit exceeded."
}
HTTP Status: 429

[Tue Apr 08 21:30:01 UTC 2025] Hitting /compute endpoint...
{
  "status": "error",
  "message": "Computation failed due to a timeout."
}
HTTP Status: 504

[Tue Apr 08 22:00:01 UTC 2025] Hitting /compute endpoint...
{
  "status": "error",
  "message": "Endpoint unreachable."
}
HTTP Status: 0

[Tue Apr 08 22:30:01 UTC 2025] Hitting /compute endpoint...
{
  "status": "error",
  "message": "Endpoint unreachable."
}
HTTP Status: 0

[Tue Apr 08 23:00:01 UTC 2025] Hitting /compute endpoint...
{
  "status": "error",
  "message": "Rate limit exceeded."
}
HTTP Status: 429

[Tue Apr 08 23:30:01 UTC 2025] Hitting /compute endpoint...
{
  "status": "error",
  "message": "Internal server error."
}
HTTP Status: 500

[Wed Apr 09 00:00:01 UTC 2025] Hitting /compute endpoint...
{
  "status": "error",
  "message": "Endpoint unreachable."
}
HTTP Status: 0

[Wed Apr 09 00:30:01 UTC 2025] Hitting /compute endpoint...
{
  "status": "error",
  "message": "Endpoint unreachable."
}
HTTP Status: 0

[Wed Apr 09 01:00:01 UTC 2025] Hitting /compute endpoint...
{
  "status": "success",
  "message": "Computation completed successfully.",
  "result": 112
}
HTTP Status: 200

[Wed Apr 09 01:30:01 UTC 2025] Hitting /compute endpoint...
{
  "status": "success",
  "message": "Computation completed successfully.",
  "result": 226
}
HTTP Status: 200

